<?xml version="1.0" encoding="UTF-8"?>
<!-- Generated by org.testng.reporters.JUnitReportReporter -->
<testsuite skipped="0" hostname="TRANGTHU292" name="Adventure_Android.Adventure_Android_Testing" tests="1" failures="0" timestamp="31 Mar 2018 14:25:25 GMT" time="684.070" errors="0">
  <testcase name="run" time="684.070" classname="Adventure_Android.Adventure_Android_Testing"/>
</testsuite> <!-- Adventure_Android.Adventure_Android_Testing -->
