<?xml version="1.0" encoding="UTF-8"?>
<!-- Generated by org.testng.reporters.JUnitReportReporter -->
<testsuite skipped="0" hostname="TRANGTHU292" name="Adventure_Android.Adventure_Android_Testing" tests="1" failures="0" timestamp="05 Feb 2018 14:32:00 GMT" time="41.426" errors="0">
  <testcase name="run" time="41.426" classname="Adventure_Android.Adventure_Android_Testing"/>
</testsuite> <!-- Adventure_Android.Adventure_Android_Testing -->
