<?xml version="1.0" encoding="UTF-8"?>
<!-- Generated by org.testng.reporters.JUnitReportReporter -->
<testsuite skipped="0" hostname="TRANGTHU292" name="Adventure_Android.TripScheduleManagement" tests="1" failures="0" timestamp="27 Sep 2017 16:43:45 GMT" time="0.071" errors="0">
  <testcase name="run" time="0.071" classname="Adventure_Android.TripScheduleManagement"/>
</testsuite> <!-- Adventure_Android.TripScheduleManagement -->
