<?xml version="1.0" encoding="UTF-8"?>
<!-- Generated by org.testng.reporters.JUnitReportReporter -->
<testsuite skipped="0" hostname="TRANGTHU292" name="Adventure_Android.Adventure_Android_Testing" tests="1" failures="0" timestamp="13 Mar 2018 16:36:35 GMT" time="0.188" errors="0">
  <testcase name="run" time="0.188" classname="Adventure_Android.Adventure_Android_Testing"/>
</testsuite> <!-- Adventure_Android.Adventure_Android_Testing -->
